<?xml version="1.0" encoding="UTF-8"?>
<!-- Generated by org.testng.reporters.JUnitXMLReporter -->
<testsuite ignored="0" hostname="LAPTOP-URC0MPI4" failures="0" tests="11" name="Test1" time="67.818" errors="0" timestamp="2023-12-01T15:03:51 IST">
  <testcase classname="com.ecom.testCases.TestCase1" name="testDay1TestCase1" time="1.953"/>
  <testcase classname="com.ecom.testCases.TestCase1" name="testDay2TestCase2" time="1.404"/>
  <testcase classname="com.ecom.testCases.TestCases2" name="testDay5TestCase5" time="11.736"/>
  <testcase classname="com.ecom.testCases.TestCase1" name="testDay2TestCase2" time="1.468"/>
  <testcase classname="com.ecom.testCases.TestCases2" name="test7" time="11.383"/>
  <testcase classname="com.ecom.testCases.TestCase1" name="testDay3TestCase3" time="10.756"/>
  <testcase classname="com.ecom.testCases.TestCases2" name="test7" time="10.822"/>
  <testcase classname="com.ecom.testCases.TestCase1" name="testDay3TestCase3" time="10.126"/>
  <testcase classname="com.ecom.testCases.TestCase1" name="testDay4TestCase4" time="5.153"/>
  <testcase classname="com.ecom.testCases.TestCases2" name="testDay6TestCase6" time="10.901"/>
  <testcase classname="com.ecom.testCases.TestCase1" name="testDay4TestCase4" time="5.157"/>
</testsuite> <!-- Test1 -->
