<?xml version="1.0" encoding="UTF-8"?>
<!-- Generated by org.testng.reporters.JUnitXMLReporter -->
<testsuite ignored="0" hostname="LAPTOP-URC0MPI4" failures="0" tests="5" name="Test2" time="134.69" errors="0" timestamp="2023-11-13T18:50:29 IST">
  <testcase classname="com.ecom.testCases.TestCases2" name="testDay5TestCase5" time="13.448"/>
  <testcase classname="com.ecom.testCases.TestCases2" name="test7" time="12.93"/>
  <testcase classname="com.ecom.testCases.TestCases2" name="test7" time="15.745"/>
  <testcase classname="com.ecom.testCases.TestCases2" name="test7" time="12.012"/>
  <testcase classname="com.ecom.testCases.TestCases2" name="testDay6TestCase6" time="12.164"/>
</testsuite> <!-- Test2 -->
