<?xml version="1.0" encoding="UTF-8"?>
<!-- Generated by org.testng.reporters.JUnitXMLReporter -->
<testsuite ignored="0" hostname="LAPTOP-URC0MPI4" failures="0" tests="7" name="Test" time="92.149" errors="0" timestamp="2024-05-04T20:20:16 IST">
  <testcase classname="com.ecom.testCases.TestCase1" name="testDay1TestCase1" time="2.18"/>
  <testcase classname="com.ecom.testCases.TestCase1" name="testDay2TestCase2" time="1.425"/>
  <testcase classname="com.ecom.testCases.TestCase1" name="testDay2TestCase2" time="1.143"/>
  <testcase classname="com.ecom.testCases.TestCase1" name="testDay3TestCase3" time="11.065"/>
  <testcase classname="com.ecom.testCases.TestCase1" name="testDay3TestCase3" time="10.454"/>
  <testcase classname="com.ecom.testCases.TestCase1" name="testDay4TestCase4" time="5.785"/>
  <testcase classname="com.ecom.testCases.TestCase1" name="testDay4TestCase4" time="5.299"/>
</testsuite> <!-- Test -->
