<?xml version="1.0" encoding="UTF-8"?>
<testng-results ignored="0" total="2" passed="2" failed="0" skipped="0">
  <reporter-output>
  </reporter-output>
  <suite started-at="2024-06-27T19:52:29 IST" name="Default suite" finished-at="2024-06-27T19:53:14 IST" duration-ms="45023">
    <groups>
    </groups>
    <test started-at="2024-06-27T19:52:29 IST" name="Default test" finished-at="2024-06-27T19:53:14 IST" duration-ms="45023">
      <class name="com.ecom.testCases.TestCases2">
        <test-method is-config="true" signature="openWebSite(java.lang.String)[pri:0, instance:com.ecom.testCases.TestCases2@5b8dfcc1]" started-at="2024-06-27T19:52:31 IST" name="openWebSite" finished-at="2024-06-27T19:52:39 IST" duration-ms="7724" status="PASS">
          <params>
            <param index="0">
              <value>
                <![CDATA[chrome]]>
              </value>
            </param>
          </params>
          <reporter-output>
          </reporter-output>
        </test-method> <!-- openWebSite -->
        <test-method signature="test7(java.lang.String,java.lang.String)[pri:0, instance:com.ecom.testCases.TestCases2@5b8dfcc1]" started-at="2024-06-27T19:52:39 IST" name="test7" data-provider="testCase7Data" finished-at="2024-06-27T19:52:55 IST" duration-ms="15907" status="PASS">
          <params>
            <param index="0">
              <value>
                <![CDATA[SONY XPERIA]]>
              </value>
            </param>
            <param index="1">
              <value>
                <![CDATA[Check / Money order]]>
              </value>
            </param>
          </params>
          <reporter-output>
          </reporter-output>
        </test-method> <!-- test7 -->
        <test-method is-config="true" signature="tearDown()[pri:0, instance:com.ecom.testCases.TestCases2@5b8dfcc1]" started-at="2024-06-27T19:52:55 IST" name="tearDown" finished-at="2024-06-27T19:52:55 IST" duration-ms="159" status="PASS">
          <reporter-output>
          </reporter-output>
        </test-method> <!-- tearDown -->
        <test-method is-config="true" signature="openWebSite(java.lang.String)[pri:0, instance:com.ecom.testCases.TestCases2@5b8dfcc1]" started-at="2024-06-27T19:52:55 IST" name="openWebSite" finished-at="2024-06-27T19:53:01 IST" duration-ms="5538" status="PASS">
          <params>
            <param index="0">
              <value>
                <![CDATA[chrome]]>
              </value>
            </param>
          </params>
          <reporter-output>
          </reporter-output>
        </test-method> <!-- openWebSite -->
        <test-method signature="test7(java.lang.String,java.lang.String)[pri:0, instance:com.ecom.testCases.TestCases2@5b8dfcc1]" started-at="2024-06-27T19:53:01 IST" name="test7" data-provider="testCase7Data" finished-at="2024-06-27T19:53:14 IST" duration-ms="13463" status="PASS">
          <params>
            <param index="0">
              <value>
                <![CDATA[IPHONE]]>
              </value>
            </param>
            <param index="1">
              <value>
                <![CDATA[Check / Money order]]>
              </value>
            </param>
          </params>
          <reporter-output>
          </reporter-output>
        </test-method> <!-- test7 -->
        <test-method is-config="true" signature="tearDown()[pri:0, instance:com.ecom.testCases.TestCases2@5b8dfcc1]" started-at="2024-06-27T19:53:14 IST" name="tearDown" finished-at="2024-06-27T19:53:14 IST" duration-ms="155" status="PASS">
          <reporter-output>
          </reporter-output>
        </test-method> <!-- tearDown -->
      </class> <!-- com.ecom.testCases.TestCases2 -->
    </test> <!-- Default test -->
  </suite> <!-- Default suite -->
</testng-results>
