<?xml version="1.0" encoding="UTF-8"?>
<!-- Generated by org.testng.reporters.JUnitXMLReporter -->
<testsuite ignored="2" hostname="LAPTOP-URC0MPI4" failures="0" tests="2" name="Default test" time="45.023" errors="0" timestamp="2024-06-27T19:53:14 IST">
  <testcase classname="com.ecom.testCases.TestCases2" name="test7" time="15.907"/>
  <testcase classname="com.ecom.testCases.TestCases2" name="test7" time="13.463"/>
  <testcase classname="com.ecom.testCases.TestCases2" name="testDay6TestCase6" time="0.0">
    <ignored/>
  </testcase> <!-- testDay6TestCase6 -->
  <testcase classname="com.ecom.testCases.TestCases2" name="testDay5TestCase5" time="0.0">
    <ignored/>
  </testcase> <!-- testDay5TestCase5 -->
</testsuite> <!-- Default test -->
